<?xml version="1.0" encoding="UTF-8"?>
<!-- Generated by org.testng.reporters.JUnitReportReporter -->
<testsuite hostname="DESKTOP-8AMOLKI" name="com.experitest.auto.AndroidDemoTest" tests="2" failures="0" timestamp="8 Nov 2020 05:43:36 GMT" time="53.354" errors="0">
  <testcase name="test" time="0.001" classname="com.experitest.auto.AndroidDemoTest"/>
  <testcase name="setUp" time="53.353" classname="com.experitest.auto.AndroidDemoTest"/>
</testsuite> <!-- com.experitest.auto.AndroidDemoTest -->
